# JRE version: OpenJDK Runtime Environment Temurin-17.0.14+7 (17.0.14+7) (build 17.0.14+7)
# Java VM: OpenJDK 64-Bit Server VM Temurin-17.0.14+7 (17.0.14+7, mixed mode, sharing, tiered, compressed oops, compressed class ptrs, g1 gc, windows-amd64)
GC Precious Log:
 CPUs: 6 total, 6 available
 Memory: 6365M
 Large Page Support: Disabled
 NUMA Support: Disabled
 Compressed Oops: Enabled (32-bit)
 Heap Region Size: 1M
 Heap Min Capacity: 256M
 Heap Initial Capacity: 256M
 Heap Max Capacity: 512M
 Pre-touch: Disabled
 Parallel Workers: 6
 Concurrent Workers: 2
 Concurrent Refinement Workers: 6
 Periodic GC: Disabled
Heap:
 garbage-first heap   total 262144K, used 122221K [0x00000000e0000000, 0x0000000100000000)
  region size 1024K, 64 young (65536K), 2 survivors (2048K)
 Metaspace       used 79934K, committed 81280K, reserved 458752K
  class space    used 10777K, committed 11456K, reserved 327680K
GC Heap History (20 events):
Event: 1251.785 GC heap before
{Heap before GC invocations=14 (full 0):
 garbage-first heap   total 262144K, used 203050K [0x00000000e0000000, 0x0000000100000000)
  region size 1024K, 153 young (156672K), 10 survivors (10240K)
 Metaspace       used 61546K, committed 62336K, reserved 393216K
  class space    used 8371K, committed 8768K, reserved 327680K
}
Event: 1251.792 GC heap after
{Heap after GC invocations=15 (full 0):
 garbage-first heap   total 262144K, used 57233K [0x00000000e0000000, 0x0000000100000000)
  region size 1024K, 10 young (10240K), 10 survivors (10240K)
 Metaspace       used 61546K, committed 62336K, reserved 393216K
  class space    used 8371K, committed 8768K, reserved 327680K
}
Event: 1488.611 GC heap before
{Heap before GC invocations=15 (full 0):
 garbage-first heap   total 262144K, used 202641K [0x00000000e0000000, 0x0000000100000000)
  region size 1024K, 153 young (156672K), 10 survivors (10240K)
 Metaspace       used 61734K, committed 62528K, reserved 393216K
  class space    used 8372K, committed 8768K, reserved 327680K
}
Event: 1488.627 GC heap after
{Heap after GC invocations=16 (full 0):
 garbage-first heap   total 262144K, used 56491K [0x00000000e0000000, 0x0000000100000000)
  region size 1024K, 9 young (9216K), 9 survivors (9216K)
 Metaspace       used 61734K, committed 62528K, reserved 393216K
  class space    used 8372K, committed 8768K, reserved 327680K
}
Event: 1519.269 GC heap before
{Heap before GC invocations=16 (full 0):
 garbage-first heap   total 262144K, used 203947K [0x00000000e0000000, 0x0000000100000000)
  region size 1024K, 153 young (156672K), 9 survivors (9216K)
 Metaspace       used 61882K, committed 62720K, reserved 393216K
  class space    used 8372K, committed 8768K, reserved 327680K
}
Event: 1519.277 GC heap after
{Heap after GC invocations=17 (full 0):
 garbage-first heap   total 262144K, used 57508K [0x00000000e0000000, 0x0000000100000000)
  region size 1024K, 10 young (10240K), 10 survivors (10240K)
 Metaspace       used 61882K, committed 62720K, reserved 393216K
  class space    used 8372K, committed 8768K, reserved 327680K
}
Event: 1556.984 GC heap before
{Heap before GC invocations=17 (full 0):
 garbage-first heap   total 262144K, used 202916K [0x00000000e0000000, 0x0000000100000000)
  region size 1024K, 153 young (156672K), 10 survivors (10240K)
 Metaspace       used 63313K, committed 64576K, reserved 393216K
  class space    used 8644K, committed 9280K, reserved 327680K
}
Event: 1556.992 GC heap after
{Heap after GC invocations=18 (full 0):
 garbage-first heap   total 262144K, used 58272K [0x00000000e0000000, 0x0000000100000000)
  region size 1024K, 11 young (11264K), 11 survivors (11264K)
 Metaspace       used 63313K, committed 64576K, reserved 393216K
  class space    used 8644K, committed 9280K, reserved 327680K
}
Event: 1698.224 GC heap before
{Heap before GC invocations=18 (full 0):
 garbage-first heap   total 262144K, used 202656K [0x00000000e0000000, 0x0000000100000000)
  region size 1024K, 153 young (156672K), 11 survivors (11264K)
 Metaspace       used 63568K, committed 64960K, reserved 393216K
  class space    used 8671K, committed 9344K, reserved 327680K
}
Event: 1698.232 GC heap after
{Heap after GC invocations=19 (full 0):
 garbage-first heap   total 262144K, used 57983K [0x00000000e0000000, 0x0000000100000000)
  region size 1024K, 10 young (10240K), 10 survivors (10240K)
 Metaspace       used 63568K, committed 64960K, reserved 393216K
  class space    used 8671K, committed 9344K, reserved 327680K
}
Event: 1731.326 GC heap before
{Heap before GC invocations=19 (full 0):
 garbage-first heap   total 262144K, used 204415K [0x00000000e0000000, 0x0000000100000000)
  region size 1024K, 153 young (156672K), 10 survivors (10240K)
 Metaspace       used 63659K, committed 65024K, reserved 393216K
  class space    used 8672K, committed 9344K, reserved 327680K
}
Event: 1731.333 GC heap after
{Heap after GC invocations=20 (full 0):
 garbage-first heap   total 262144K, used 56888K [0x00000000e0000000, 0x0000000100000000)
  region size 1024K, 9 young (9216K), 9 survivors (9216K)
 Metaspace       used 63659K, committed 65024K, reserved 393216K
  class space    used 8672K, committed 9344K, reserved 327680K
}
Event: 1991.738 GC heap before
{Heap before GC invocations=20 (full 0):
 garbage-first heap   total 262144K, used 203320K [0x00000000e0000000, 0x0000000100000000)
  region size 1024K, 153 young (156672K), 9 survivors (9216K)
 Metaspace       used 63752K, committed 65088K, reserved 393216K
  class space    used 8672K, committed 9344K, reserved 327680K
}
Event: 1991.767 GC heap after
{Heap after GC invocations=21 (full 0):
 garbage-first heap   total 262144K, used 53157K [0x00000000e0000000, 0x0000000100000000)
  region size 1024K, 6 young (6144K), 6 survivors (6144K)
 Metaspace       used 63752K, committed 65088K, reserved 393216K
  class space    used 8672K, committed 9344K, reserved 327680K
}
Event: 3433.450 GC heap before
{Heap before GC invocations=21 (full 0):
 garbage-first heap   total 262144K, used 202661K [0x00000000e0000000, 0x0000000100000000)
  region size 1024K, 153 young (156672K), 6 survivors (6144K)
 Metaspace       used 63858K, committed 65216K, reserved 393216K
  class space    used 8678K, committed 9344K, reserved 327680K
}
Event: 3433.474 GC heap after
{Heap after GC invocations=22 (full 0):
 garbage-first heap   total 262144K, used 57932K [0x00000000e0000000, 0x0000000100000000)
  region size 1024K, 10 young (10240K), 10 survivors (10240K)
 Metaspace       used 63858K, committed 65216K, reserved 393216K
  class space    used 8678K, committed 9344K, reserved 327680K
}
Event: 3443.670 GC heap before
{Heap before GC invocations=22 (full 0):
 garbage-first heap   total 262144K, used 203340K [0x00000000e0000000, 0x0000000100000000)
  region size 1024K, 153 young (156672K), 10 survivors (10240K)
 Metaspace       used 74361K, committed 75776K, reserved 393216K
  class space    used 9990K, committed 10688K, reserved 327680K
}
Event: 3443.701 GC heap after
{Heap after GC invocations=23 (full 0):
 garbage-first heap   total 262144K, used 64676K [0x00000000e0000000, 0x0000000100000000)
  region size 1024K, 17 young (17408K), 17 survivors (17408K)
 Metaspace       used 74361K, committed 75776K, reserved 393216K
  class space    used 9990K, committed 10688K, reserved 327680K
}
Event: 5006.161 GC heap before
{Heap before GC invocations=23 (full 0):
 garbage-first heap   total 262144K, used 202916K [0x00000000e0000000, 0x0000000100000000)
  region size 1024K, 153 young (156672K), 17 survivors (17408K)
 Metaspace       used 74439K, committed 75840K, reserved 458752K
  class space    used 9990K, committed 10688K, reserved 327680K
}
Event: 5006.523 GC heap after
{Heap after GC invocations=24 (full 0):
 garbage-first heap   total 262144K, used 60781K [0x00000000e0000000, 0x0000000100000000)
  region size 1024K, 2 young (2048K), 2 survivors (2048K)
 Metaspace       used 74439K, committed 75840K, reserved 458752K
  class space    used 9990K, committed 10688K, reserved 327680K
}

